[   0.0000 Iitializinggrup subyspuet
[   00000]Iniaizin crou sbsys cpu
[   .0000] Iniiazing cro sbss uact
[    0.0000] Liuxerion 4..06-eneric(bld@lcy1-) gcc vesi 5.4.020069 (Uun 5.4.0-6un1~16.04.2 )55-Ubunt S Thu Aug1 18:01:55UT 2016 (Ubuu 4.0-.55-enric.4.16)
[   0.000] Cma line: BOOT_IMAGE=/oovmliz-4.0-36-genericrootLAELloudimg-rtf r csoe=tt csolety
[   0.000] KERNL pprtedpu
[   .0000]   IteGenueIel
  0.0000] AM AuthentcAMD
    000000]   enauCentaurau
    0.00] x86/puxstatefft[2]: 76 xste_zes[2]  6
[  0.00000] x6/u: Spoing SA fatur 01:'x87fltig point regstrs'[  0.000000 x/fpu: Supotig XSAV feature 0x02: 'SSE egsters'
[   0.00000] x86fp: Supporting XSAVE feare0x04 'X egisters'
[    0.000000 x/fpu Ebledxstae feaurs 0x contex sze is 32ytes ung'standard'fomat.
  0.00000]86fpu: Uin'laz F conxtwitches.
[    0.000000] e0:BIS-ovided phyical RA mp:
[   .00000] BS-820: me0x00000000000x00000000bff] ubl
[   .0000] BIOS-20: memx00000000009fc00-0x00000009ff]eserv
   0.000000] BIOSe8: mem 00000000f000x00000000fffff] resrved
[   00000]IOe820 [m x0000000100000-0000003ffeffff] usable    0.000000]BIOS-e820: [em 0000003fff0000-x000003fffff] ACP da
[   .0000] BIOS-e820: me 0x0000000ff0000-x000000fffff] eserved
[  0.00000NX(Exeute isabl) prtectio atie
[    0.000000] SBI 2.5rent.[   0.00] Hyrvor detecedKVM   0.000] 820: last_pfn  0x3ff0 x_rch_fn 0400000000
[   0.000]x86/PAT: Cofiraio[0]: WB  WC  UC- U    WCUC W  [   0.00000] MTRR: Disabled
[    0.00000] PU MTRRs all blank - virtualized system.
[    0.000000] found SMP MP-table at [mem 0x0009fff0-0x0009ffff] mapped at [ffff88000009fff0]
[    0.000000] Scanning 1 areas for low memory corruption
[    0.000000] RAMDISK: [mem 0x371c2000-0x378d8fff]
[    0.000000] ACPI: Early table checksum verification disabled
[    0.000000] ACPI: RSDP 0x0000000000E00000002 (v02 BO  )
[    0.000000] ACPI: XSDT0x00003FFF000 00C (v VX   VBXXT 0000001 AL 000006
    0000] ACI:AC 0x00003FFF00F000F4 v0VBX   VBOXFP 000001SL 00000061)
[   0.000000ACI: DSDT0x0000003FFF070 01E0 (01 VOX VOXOS0000002 NT201052)[    0.00000]CP: FACS0x000003FFF2000040
[    0000000 AI: FS 000000003FFF0200 0040
[   00000]CP API0x00003F0240 005(v02 VBOX   VBOXAPIC 0000001 L 0000001)
[   .0000] ACPI: SSDT 0x000000003FFF020 01CC (v01BO   VBOXUT0000000INL 2005)
[   0.0000] No NUMconfurion oud[    00000] aking a nodeat [me 000000000000-0x000003ffeffff]
[  0.000000] DEATA(0) allocated [mem0xffb00-0x3ffefff
   0.000000] kvm-lock: Using mrs 4b56401nd 456d0
[   0.000] kvm-clck cu 0, msr 0:3ffe00, prmary cu lock
[  00000] m-clck: usg scheofet of 292115558 ycle
[   0.00000] clocksource: kvm-clock: mask: 0xffffffffffffmacyles:0xd4e4dffb, ma_ie_ns: 15059183 ns
[   0.0000Zo range:[   0.00000   DMA    [mm 0x00000000000010000x00000000ffff][    00000]   DMA32    [mem 0x000000001000-0x000003ffeff
[    0.000000]  Norl empty
[  0.0000]  Dice emy
[  000000] Movabe on start oreach node
[    0000000] Elymerynoe rage
[   0.00]   de 0: me0x000000001000-000000009eff]
    0.000000]  od  0: [m 00000000100000x000003fff]
[    0.00000] nitmem setup node 0 [mem 0x000000000100-0x000000003ffeffff]
[   0.0000 ACPI PTier IPo: 0x4008
[    0.000000]IOIC0]: api_i2, versin , addes 0ec0000 G 0-23[   0.00000]CP INTSROV (bus bus_iq  gob_iq 2 dfl df)
[   00000] CP IT_SR_O (us 0buir 9 gbal_irq  high levl)
[   0.0000 Usi AI (MADT)orSMP nfuratonnfrmatio
   0.000] mpboot: Alowig 2 CPUs,0 tpug CPUs
[    0.000000] PM: Regier nosav mor: [mem 0x0000000x000fff
  0.000000PM Riserd navmemo: em 0x0009f000-0x009ffff
[  0.00000]] PM:Restred nosave emory: [me 000a0000-0x000effff
[  0000000] M:egisterenove memry[mem 000000-0x0fff]
[   00000]82: mem 0x40000-0ffbff] availab forCIevices
[   .00000 Bting paravirtualzekene on VM
   0.000000] clocksource: refined-jifies: as 0ffffffma_cyces: 0xffffffff, ma_ilens: 4519600256ns
[   .0000] seuperpu: N_CS:56 nr_cpma_bit25nr_cpuds2 r_noe_s:
[  000000PEPU: Embedded 3 pages/cp @fff88003fc0000 9808r819 d96 u1048576
[    0.0000] P qspnlk ash blentrie 26 (ordr:, 096 te
[    0.000] Built1 nelist iNode ode mbilityroing on.  Totl paes25913
[  000000] oly zo: A32
[  0000000] Kernel command line: OO_IGE=/bot/linuz-4.4.0-36geericro=LBEL=clouimgroot rconsole=tty cnsol=tS0
[   0.000000] IDash bl etries:40 (rder 33268 byts)
[    0.000000] Meor: 1053K/0481K ailale834K kernl de, 82 rwdata, 3944K rodata, 180K int,292K bss, 4270Kesrved, K a-reserved)
[    00000] SLB:Waign=64Orer=0-3, MnOjects=0,CP=2, de1
[    0.000000] Hierarchical CUmpementation.
[    0.00000]Buld-tme austmntf eaf anout o 4.
[   .00000	RCU resricting CUsfr NR_PU25 to r_u_ds=2
[  0.000] CU: djtig gemey or r_fout_af4, nr_cpu_ids2
[   00000] R_QS1664 nirs:4416
[    .0000] Console colur VGA 8x25   0.000 conse [tt1] nabled
[    0.000000]cool [ttS0] enabled
[    0.000000] tsc: Detected 2194.918 MHz processor
[   23.554872] Calibrating delay loop (skipped) preset value.. 4389.83 BogoMIPS (lpj=8779672)
[   23.727588] pid_max: default: 32768 minimum: 301
[   23.776046] ACPI: Core revision 20150930
[   23.802122] ACPI: 2 ACPI AML tables successfully acquired and loaded
[   23.803755] Security Framework initialized
[   23.804817] Yama: becoming mindful.
[   23.812329] AppArmor: AppArmor initialized
[   23.843630] Dentry cache hash table entries: 131072 (order: 8, 1048576 bytes)
[   23.851522] Inode-cache hash table entries: 65536 (order: 7, 524288 bytes)
[   23.854085] Mount-cache hash table entries: 2048 (order: 2, 16384 bytes)
[   23.856655] Mountpoint-cache hash table entries: 2048 (order: 2, 16384 bytes)
[   23.867415] Initializing cgroup subsys io
[   23.868224] Initializing cgroup subsys memory
[   23.879200] Initializing cgroup subsys devices
[   23.883853] Initializing cgroup subsys freezer
[   23.885106] Initializing cgroup subsys net_cls
[   23.895263] Initializing cgroup subsys perf_event
[   23.896373] Initializing cgroup subsys net_prio
[   23.903204] Initializing cgroup subsys hugetlb
[   23.935250] Initializing cgroup subsys pids
[   23.967509] CPU: Physical Processor ID: 0
[   23.971314] CPU: Processor Core ID: 0
[   23.992563] mce: CPU supports 0 MCE banks
[   24.004826] Last level iTLB entries: 4KB 1024, 2MB 1024, 4MB 1024
[   24.011444] Last level dTLB entries: 4KB 1024, 2MB 1024, 4MB 1024, 1GB 4
[   24.021619] Freeing SMP alternatives memory: 28K (ffffffff820b4000 - ffffffff820bb000)
[   24.087758] ftrace: allocating 31996 entries in 125 pages
[   24.142516] smpboot: Max logical packages: 1
[   24.230762] smpboot: APIC(0) Converting physical 0 to logical package 0
[   24.349293] ..TIMER: vector=0x30 apic1=0 pin1=2 apic2=-1 pin2=-1
[   24.582616] smpboot: CPU0: Intel(R) Core(TM) i7-4770HQ CPU @ 2.20GHz (family: 0x6, model: 0x46, stepping: 0x1)
[   24.795690] Performance Events: unsupported p6 CPU model 70 no PMU driver, software events only.
[   24.972141] KVM setup paravirtual spinlock
[   25.054397] x86: Booting SMP configuration:
[   25.150914] .... node  #0, CPUs:      #1
[   25.230408] kvm-clock: cpu 1, msr 0:3ffe7041, secondary cpu clock
[   25.342933] mce: CPU supports 0 MCE banks
[   25.403286] x86: Booted up 1 node, 2 CPUs
[   25.425116] smpboot: Total of 2 processors activated (8779.67 BogoMIPS)
[   25.455502] devtmpfs: initialized
[   25.510344] evm: security.selinux
[   25.576819] evm: security.SMACK64
[   25.648780] evm: security.SMACK64EXEC
[   25.737572] evm: security.SMACK64TRANSMUTE
[   25.833337] evm: security.SMACK64MMAP
[   25.914521] evm: security.ima
[   25.967143] evm: security.capability
[   26.031440] clocksource: jiffies: mask: 0xffffffff max_cycles: 0xffffffff, max_idle_ns: 7645041785100000 ns
[   26.236370] pinctrl core: initialized pinctrl subsystem
[   26.356615] RTC time:  3:35:13, date: 09/11/16
[   26.427430] NET: Registered protocol family 16
[   26.507386] cpuidle: using governor ladder
[   26.539173] cpuidle: using governor menu
[   26.628870] PCCT header not found.
[   26.689463] ACPI: bus type PCI registered
[   26.789579] acpiphp: ACPI Hot Plug PCI Controller Driver version: 0.5
[   26.904410] PCI: Using configuration type 1 for base access
[   27.038490] ACPI: Added _OSI(Module Device)
[   27.125494] ACPI: Added _OSI(Processor Device)
[   27.221786] ACPI: Added _OSI(3.0 _SCP Extensions)
[   27.301696] ACPI: Added _OSI(Processor Aggregator Device)
[   27.429898] ACPI: Executed 1 blocks of module-level executable AML code
[   27.567353] ACPI: Interpreter enabled
[   27.593399] ACPI Exception: AE_NOT_FOUND, While evaluating Sleep State [\_S1_] (20150930/hwxface-580)
[   27.728971] ACPI Exception: AE_NOT_FOUND, While evaluating Sleep State [\_S2_] (20150930/hwxface-580)
[   27.808161] ACPI Exception: AE_NOT_FOUND, While evaluating Sleep State [\_S3_] (20150930/hwxface-580)
[   27.864708] ACPI Exception: AE_NOT_FOUND, While evaluating Sleep State [\_S4_] (20150930/hwxface-580)
[   28.028490] ACPI: (supports S0 S5)
[   28.099673] ACPI: Using IOAPIC for interrupt routing
[   28.206301] PCI: Using host bridge windows from ACPI; if necessary, use "pci=nocrs" and report a bug
[   28.392721] ACPI: PCI Root Bridge [PCI0] (domain 0000 [bus 00-ff])
[   28.528726] acpi PNP0A03:00: _OSC: OS supports [ASPM ClockPM Segments MSI]
[   28.659947] acpi PNP0A03:00: _OSC failed (AE_NOT_FOUND); disabling ASPM
[   28.692401] acpi PNP0A03:00: fail to add MMCONFIG information, can't access extended PCI configuration space under this bridge.
[   28.864727] PCI host bridge to bus 0000:00
[   28.904734] pci_bus 0000:00: root bus resource [io  0x0000-0x0cf7 window]
[   28.977624] pci_bus 0000:00: root bus resource [io  0x0d00-0xffff window]
[   29.068918] pci_bus 0000:00: root bus resource [mem 0x000a0000-0x000bffff window]
[   29.132789] pci_bus 0000:00: root bus resource [mem 0x40000000-0xffdfffff window]
[   29.180990] pci_bus 0000:00: root bus resource [bus 00-ff]
[   29.243423] pci 0000:00:01.1: legacy IDE quirk: reg 0x10: [io  0x01f0-0x01f7]
[   29.385959] pci 0000:00:01.1: legacy IDE quirk: reg 0x14: [io  0x03f6]
[   29.503110] pci 0000:00:01.1: legacy IDE quirk: reg 0x18: [io  0x0170-0x0177]
[   29.637239] pci 0000:00:01.1: legacy IDE quirk: reg 0x1c: [io  0x0376]
[   29.773381] ACPI: PCI Interrupt Link [LNKA] (IRQs 5 9 10 11) *0, disabled.
[   29.841377] ACPI: PCI Interrupt Link [LNKB] (IRQs 5 9 10 *11)
[   29.954874] ACPI: PCI Interrupt Link [LNKC] (IRQs 5 9 *10 11)
[   30.054540] ACPI: PCI Interrupt Link [LNKD] (IRQs 5 *9 10 11)
[   30.129534] ACPI: Enabled 2 GPEs in block 00 to 07
[   30.241411] vgaarb: setting as boot device: PCI:0000:00:02.0
[   30.361438] vgaarb: device added: PCI:0000:00:02.0,decodes=io+mem,owns=io+mem,locks=none
[   30.555144] vgaarb: loaded
[   30.632021] vgaarb: bridge control possible 0000:00:02.0
[   30.769473] SCSI subsystem initialized
[   30.837925] ACPI: bus type USB registered
[   30.872383] usbcore: registered new interface driver usbfs
[   30.949282] usbcore: registered new interface driver hub
[   31.056791] usbcore: registered new device driver usb
[   31.176901] PCI: Using ACPI for IRQ routing
[   31.266566] NetLabel: Initializing
[   31.335585] NetLabel:  domain hash size = 128
[   31.437333] NetLabel:  protocols = UNLABELED CIPSOv4
[   31.543751] NetLabel:  unlabeled traffic allowed by default
[   31.615044] amd_nb: Cannot enumerate AMD northbridges
[   31.725666] clocksource: Switched to clocksource kvm-clock
[   1.726]Aprmor: AppArr ilysm naed[ 32471]npPnAC it[ 32542]npPnACPI: fond3 eves
[   33.243012] clocksource: acpi_pm: mask: 0xffffff max_cycles: 0xffffff, max_idle_ns: 2085701024 ns
[   33.55844]] NET: Registered protocol family 2
[   33.835066] TCP established hash table entries: 8192 (order: 4, 65536 bytes)
[   34.058832] TCP bind hash table entries: 8192 (order: 5, 131072 bytes)
[   34.124923] TCP: Hash tables configured (established 8192 bind 8192)
[   34.143848] UDP hash table entries: 512 (order: 2, 16384 bytes)
[   34.195030] UDP-Lite hash table entries: 512 (order: 2, 16384 bytes)
[   34.465533] NET: Registered protocol family 1
[   34.544765] pci 0000:00:00.0: Limiting direct PCI/PCI transfers
[   34.707254] pci 0000:00:01.0: Activating ISA DMA hang workarounds
[   34.879347] Trying to unpack rootfs image as initramfs...
[   36.027883] Freeing initrd memory: 7260K (ffff8800371c2000 - ffff8800378d9000)
[   36.1706]latform tc_mo risreplfo R dic ( P dicfod)[ 3698063]canig r w mo crrption evry0 cos  37880]scReneTSclckource albratn:1924MH

[   38.288420] clocksource: tsc: mak:0xffffffffffmacyes0xfa935fmaid_n 4409531 ns
[   38.28872] utx shtalentes51(oer3,27 bes

[   38.288802] audit: initializing netlink subsys (disabled)
[   38.288813] audit: type=2000 audit(1473564898.425:1): initialized
[   38.289031] Initialise system trusted keyring
[   38.289124] HugeTLB registered 2 MB page size, pre-allocated 0 pages
[   38.290288] zbud: loaded
[   38.290427] VFS: Disk quotas dquot_6.6.0
[   38.290451] VFS: Dquot-cache hash table entries: 512 (order 0, 4096 bytes)
[   38.290638] squashfs: version 4.0 (2009/01/31) Phillip Lougher
[   38.290803] fuse init (API version 7.23)
[   38.290897] Key type big_key registered
[   38.290915] Allocating IMA MOK and blacklist keyrings.
[   38.291088] Key type asymmetric registered
[   38.291093] Asymmetric key parser 'x509' registered
[   38.291119] Block layer SCSI generic (bsg) driver version 0.4 loaded (major 249)
[   38.291135] io scheduler noop registered
[   38.291136] io scheduler deadline registered (default)
[   38.291162] io scheduler cfq registered
[   38.291229] pci_hotplug: PCI Hot Plug PCI Core version: 0.5
[   38.291233] pciehp: PCI Express Hot Plug Controller Driver version: 0.4
[   38.291574] ACPI: AC Adapter [AC] (off-line)
[   38.291625] input: Power Button as /devices/LNXSYSTM:00/LNXPWRBN:00/input/input0
[   38.291627] ACPI: Power Button [PWRF]
[   38.291688] input: Sleep Button as /devices/LNXSYSTM:00/LNXSLPBN:00/input/input1
[   38.291690] ACPI: Sleep Button [SLPF]
[   38.291811] GHES: HEST is not enabled!
[   38.291871] Serial: 8250/16550 driver, 32 ports, IRQ sharing enabled
[   39.238145] 00:02: ttyS0 at I/O 0x3f8 (irq = 4, base_baud = 115200) is a 16550A
[   39.854667] ACPI: Battery Slot [BAT0] (battery present)
[   39.855589] Linux agpgart interface v0.103
[   40.066467] brd: module loaded
[   40.067117] loop: module loaded
[   40.067585] scsi host0: ata_piix
[   40.067631] scsi host1: ata_piix
[   40.067654] ata1: PATA max UDMA/33 cmd 0x1f0 ctl 0x3f6 bmdma 0xd000 irq 14
[   40.067655] ata2: PATA max UDMA/33 cmd 0x170 ctl 0x376 bmdma 0xd008 irq 15
[   40.067713] libphy: Fixed MDIO Bus: probed
[   40.067715] tun: Universal TUN/TAP device driver, 1.6
[   40.067715] tun: (C) 1999-2004 Max Krasnyansky <maxk@qualcomm.com>
[   40.067985] PPP generic driver version 2.4.2
[   40.068037] ehci_hcd: USB 2.0 'Enhanced' Host Controller (EHCI) Driver
[   40.068039] ehci-pci: EHCI PCI platform driver
[   40.068054] ehci-platform: EHCI generic platform driver
[   40.068059] ohci_hcd: USB 1.1 'Open' Host Controller (OHCI) Driver
[   40.068061] ohci-pci: OHCI PCI platform driver
[   40.068067] ohci-platform: OHCI generic platform driver
[   40.068072] uhci_hcd: USB Universal Host Controller Interface driver
[   40.068116] i8042: PNP: PS/2 Controller [PNP0303:PS2K,PNP0f03:PS2M] at 0x60,0x64 irq 1,12
[   40.221698] serio: i8042 KBD port at 0x60,0x64 irq 1
[   40.221703] serio: i8042 AUX port at 0x60,0x64 irq 12
[   40.221967] mousedev: PS/2 mouse device common for all mice
[   40.222227] rtc_cmos rtc_cmos: rtc core: registered rtc_cmos as rtc0
[   40.222280] rtc_cmos rtc_cmos: alarms up to one day, 114 bytes nvram
[   40.222285] i2c /dev entries driver
[   40.222336] device-mapper: uevent: version 1.0.3
[   40.222381] device-mapper: ioctl: 4.34.0-ioctl (2015-10-28) initialised: dm-devel@redhat.com
[   40.222398] ledtrig-cpu: registered to indicate activity on CPUs
[   40.222612] NET: Registered protocol family 10
[   40.222742] NET: Registered protocol family 17
[   40.222751] Key type dns_resolver registered
[   40.346192] microcode: CPU0 sig=0x40661, pf=0x40, revision=0x0
[   40.346228] microcode: CPU1 sig=0x40661, pf=0x40, revision=0x0
[   40.346309] microcode: Microcode Update Driver: v2.01 <tigran@aivazian.fsnet.co.uk>, Peter Oruba
[   40.346426] registered taskstats version 1
[   40.346438] Loading compiled-in X.509 certificates
[   40.347210] Loaded X.509 cert 'Build time autogenerated kernel key: 181cd957879f68b474ab1d0c92722cd44e756f77'
[   40.347234] zswap: loaded using pool lzo/zbud
[   40.348515] Key type trusted registered
[   40.350794] Key type encrypted registered
[   40.350803] AppArmor: AppArmor sha1 policy hashing enabled
[   40.350807] ima: No TPM chip found, activating TPM-bypass!
[   40.350832] evm: HMAC attrs: 0x1
[   40.351155]   Magic number: 0:190:563
[   40.351162] platform Fixed MDIO bus.0: hash matches
[   40.416235] rtc_cmos rtc_cmos: setting system clock to 2016-09-11 03:35:27 UTC (1473564927)
[   40.416378] BIOS EDD facility v0.16 2004-Jun-25, 0 devices found
[   40.416378] EDD information not available.
[   40.842287] input: AT Translated Set 2 keyboard as /devices/platform/i8042/serio0/input/input2
[   45.304090] Freeing unused kernel memory: 1480K (ffffffff81f42000 - ffffffff820b4000)
[   45.664897] Write protecting the kernel read-only data: 14336k
[   45.997482] Freeing unused kernel memory: 1832K (ffff880001836000 - ffff880001a00000)
[   46.080740] Freeing unused kernel memory: 152K (ffff880001dda000 - ffff880001e00000)
Loading, please wait...
starting version[   46.109194] random: systemd-udevd urandom read with 3 bits of entropy available
 229
[   46.524527] e1000: Intel(R) PRO/1000 Network Driver - version 7.3.21-k8-NAPI
[   46.754232] e1000: Copyright (c) 1999-2006 Intel Corporation.
[   46.845199] Fusion MPT base driver 3.04.20
[   46.869076] Copyright (c) 1999-2008 LSI Corporation
[   46.950639] Fusion MPT SPI Host driver 3.04.20
[   47.075394] AVX version of gcm_enc/dec engaged.
[   47.152000] AES CTR mode by8 optimization enabled
[   47.156135] input: ImExPS/2 Generic Explorer Mouse as /devices/platform/i8042/serio1/input/input4
[   47.385806] e1000 0000:00:03.0 eth0: (PCI:33MHz:32-bit) 02:76:61:22:8c:2b
[   47.547862] e1000 0000:00:03.0 eth0: Intel(R) PRO/1000 Network Connection
[   47.706278] mptbase: ioc0: Initiating bringup
[   47.947710] ioc0: LSI53C1030 A0: Capabilities={Initiator}
[   48.158716] scsi host2: ioc0: LSI53C1030 A0, FwRev=00000000h, Ports=1, MaxQ=256, IRQ=20
[   48.370619] scsi 2:0:0:0: Direct-Access     VBOX     HARDDISK         1.0  PQ: 0 ANSI: 5
[   48.615546] scsi target2:0:0: Beginning Domain Validation
[   48.725866] e1000 0000:00:08.0 eth1: (PCI:33MHz:32-bit) 08:00:27:6b:c8:db
[   48.725871] e1000 0000:00:08.0 eth1: Intel(R) PRO/1000 Network Connection
[   48.971526] e1000 0000:00:03.0 enp0s3: renamed from eth0
[   49.023876] scsi target2:0:0: Domain Validation skipping write tests
[   49.026124] scsi target2:0:0: Ending Domain Validation
[   49.027252] scsi target2:0:0: asynchronous
[   49.029441] scsi 2:0:1:0: Direct-Access     VBOX     HARDDISK         1.0  PQ: 0 ANSI: 5
[   49.165505] e1000 0000:00:08.0 enp0s8: renamed from eth1
[   49.166550] scsi target2:0:1: Beginning Domain Validation
[   49.168591] scsi target2:0:1: Domain Validation skipping write tests
[   49.168592] scsi target2:0:1: Ending Domain Validation
[   49.168634] scsi target2:0:1: asynchronous
[   49.384225] sd 2:0:0:0: [sda] 20971520 512-byte logical blocks: (10.7 GB/10.0 GiB)
[   49.384241] sd 2:0:0:0: Attached scsi generic sg0 type 0
[   49.388752] sd 2:0:0:0: [sda] Write Protect is off
[   49.389940] sd 2:0:0:0: [sda] Incomplete mode parameter data
[   49.399963] sd 2:0:0:0: [sda] Assuming drive cache: write through
[   49.402612] sd 2:0:1:0: Attached scsi generic sg1 type 0
[   49.403077] sd 2:0:1:0: [sdb] 20480 512-byte logical blocks: (10.5 MB/10.0 MiB)
[   49.403405] sd 2:0:1:0: [sdb] Write Protect is off
[   49.403611] sd 2:0:1:0: [sdb] Incomplete mode parameter data
[   49.403612] sd 2:0:1:0: [sdb] Assuming drive cache: write through
[   49.502270] sd 2:0:1:0: [sdb] Attached SCSI disk
[   50.302159] floppy0: no floppy controllers found
[   50.405541]  sda: sda1
[   50.419627] sd 2:0:0:0: [sda] Attached SCSI disk
Begin: Loading e[   51.792746] md: linear personality registered for level -1
ssential drivers[   51.933438] md: multipath personality registered for level -4
 ... [   52.011797] md: raid0 personality registered for level 0
[   52.062531] md: raid1 personality registered for level 1
[   52.153880] raid6: sse2x1   gen() 10428 MB/s
[   52.317681] raid6: sse2x1   xor()  8024 MB/s
[   52.469890] raid6: sse2x2   gen() 11567 MB/s
[   52.609803] raid6: sse2x2   xor()  7449 MB/s
[   52.721886] raid6: sse2x4   gen() 12953 MB/s
[   52.877742] raid6: sse2x4   xor()  8758 MB/s
[   52.963135] raid6: using algorithm sse2x4 gen() 12953 MB/s
[   53.062864] raid6: .... xor() 8758 MB/s, rmw enabled
[   53.149107] raid6: using ssse3x2 recovery algorithm
[   53.256603] xor: automatically using best checksumming function:
[   53.454261]    avx       : 21663.000 MB/sec
[   53.554880] async_tx: api initialized (async)
[   53.621269] md: raid6 personality registered for level 6
[   53.695430] md: raid5 personality registered for level 5
[   53.742281] md: raid4 personality registered for level 4
[   53.848348] md: raid10 personality registered for level 10
done.
Begin: Running /scripts/init-premount ... done[   53.999319] Btrfs loaded
.
Begin: Mounting root file system ... Begin: Running /scripts/local-top ... do[   54.090706] EXT4-fs (sda1): INFO: recovery required on readonly filesystem
ne.
Begin: Runn[   54.219239] EXT4-fs (sda1): write access will be enabled during recovery
ing /scripts/local-premount ... Scanning for Btrfs filesystems
done.
Warning: fsck not present, so skipping root file system
[   54.541066] EXT4-fs (sda1): recovery complete
[   54.799421] EXT4-fs (sda1): mounted filesystem with ordered data mode. Opts: (null)
done.
Begin: Running /scripts/local-bottom ... done.
Begin: Running /scripts/init-bottom ... Warning: overlayroot: debug is busted
done.
[   56.011839] systemd[1]: systemd 229 running in system mode. (+PAM +AUDIT +SELINUX +IMA +APPARMOR +SMACK +SYSVINIT +UTMP +LIBCRYPTSETUP +GCRYPT +GNUTLS +ACL +XZ -LZ4 +SECCOMP +BLKID +ELFUTILS +KMOD -IDN)
[   56.475579] systemd[1]: Detected virtualization oracle.
[   56.606480] systemd[1]: Detected architecture x86-64.

Welcome to [1mUbuntu 16.04.1 LTS[0m!

[   57321syem1] St hostname to <un-xia.
[   57.361057] systemd[1]: Created slice User and Session Slice.
[[0;32m  OK  [0m] Created slice User and Session Slice.
[   .330 ste[1 Srt ForarPawo Rues  Wll DrectryWah.

[[0;32m  OK  [0m] Started Forward Password Requests to Wall Directory Watch.
[   58.291052] syem1]Lieng n vi-mpe event em FOs

[[0;32m  OK  [0m] Listening on Device-mapper event daemon FIFOs.
[ 59.00318]ysmd1]Litening  ueverl ck.
[[0;32m  OK  [0m] Listening on udev Kernel Socket.
[ 592695] systemd]:isnig on Joualocet.
[[0;32m  OK  [0m] Listening on Journal Socket.
[ 60126] systemd[1]: Listnig on Jrn Aitoct.
[[0;32m  OK  [0m] Listening on Journal Audit Socket.
[ 60645363] sysmd]:iseng  LM2etadat dmosoet

[[0;32m  OK  [0m] Listening on LVM2 metadata daemon socket.
[  63430 sstd[1]: Set up autoout biar Executable Fie rms leysm utomount oit.

[[0;32m  OK  [0m] Set up automount Arbitrary Executab...ats File System Automount Point.
[ 6221062] std[]: Listni oLV2 pollaen ckt.
[[0;32m  OK  [0m] Listening on LVM2 poll daemon socket.
[ 62956]ystemd[]:Listening on ysg ck.
[[0;32m  OK  [0m] Listening on Syslog Socket.
[   .394 systmd1]: eaed sli Stem Slice.

[[0;32m  OK  [0m] Created slice System Slice.
[   63.734324] systemd[1]: Starting Uncomplicated firewall...
[   63.856191] random: nonblocking pool is initialized
         Starting Uncomplicated firewall...
[   64.050313] systemd[1]: Starting Set console keymap...
         Starting Set console keymap...
[   64.167976] systemd[1]: Mounting POSIX Message Queue File System...
         Mounting POSIX Message Queue File System...
[   64.172292] systemd[1]: Starting Monitoring of LVM2 mirrors, snapshots etc. using dmeventd or progress polling...
         Starting Monitoring of LVM2 mirrors... dmeventd or progress polling...
[   64.203348] systemd[1]: Reached target Slices.
[[0;32m  OK  [0m] Reached target Slices.
[   64.358143] systemd[1]: Mounting Huge Pages File System...
         Mounting Huge Pages File System...
[ 64.518634] syted[: eaed slicesyemseal2dttslce.
[[0;32m  OK  [0m] Created slice system-serial\x2dgetty.slice.
[   65.138167] systemd[1]: Starting Create list of required static device nodes for the current kernel...
         Starting Create list of required st... nodes for the current kernel...
[   65.430264] systemd[1]: Starting Nameserver information manager...
         Starting Nameserver information manager...
[   65.634383] systemd[1]: Starting Remount Root and Kernel File Systems...
         Starting Remount[   65.695603] EXT4-fs (sda1): re-mounted. Opts: (null)
 Root and Kernel File Systems...
[   65.826465] systemd[1]: Reached target Swap.
[[0;32m  OK  [0m] Reached target Swap.
[ 6565870] systd[: stin on oualoct delo).
[[0;32m  OK  [0m] Listening on Journal Socket (/dev/log).
[   66.769919] systemd[1]: Starting Journal Service...
         Starting Journal Service...
[   66.818862] systemd[1]: Reached target User and Group Name Lookups.
[[0;32m  OK  [0m] Reached target User and Group Name Lookups.
[ 67.018874] ste[1 Ltening o /v/itl mpiblity Nad pe

[[0;32m  OK  [0m] Listening on /dev/initctl Compatibility Named Pipe.
[   67.782398] systemd[1]: Starting Load Kernel Modules...
         Starting Load Ke[   67.869955] Loading iSCSI transport class v2.0-870.
rnel Modules...
[   67.887211] systemd[1]: Reached target Encrypted Volumes.
[[0;32m  OK  [0[   68.069062] iscsi: registered transport (tcp)
m] Reached target Encrypted Volu[   68.332728] iscsi: registered transport (iser)
mes.
[   68.638426] systemd[1]: Listening on udev Control Socket.
[[0;32m  OK  [0m] Listening on udev Control Socket.
[   68.879930] systemd[1]: Mounting Debug File System...
         Mounting Debug File System...
[   68.950986] sytemd1]Mounte He geFi Sstem.
[[0;32m  OK  [0m] Mounted Huge Pages File System.
[   69587]ysmd]: Mound SI Message Queue File ysm.
[[0;32m  OK  [0m] Mounted POSIX Message Queue File System.
[  69.986165] sytemd[1]: Mnt Dugil System.
[[0;32m  OK  [0m] Mounted Debug File System.
[   70.68] std[: tartedoualServic
[[0;32m  OK  [0m] Started Journal Service.
[[0;32m  OK  [0m] Started Uncomplicated firewall.
[[0;32m  OK  [0m] Started Set console keymap.
[[0;32m  OK  [0m] Started Create list of required sta...ce nodes for the current kernel.
[[0;32m  OK  [0m] Started Remount Root and Kernel File Systems.
[[0;32m  OK  [0m] Started Load Kernel Modules.
[[0;32m  OK  [0m] Started Nameserver information manager.
[[0;32m  OK  [0m] Started LVM2 metadata daemon.
         Mounting FUSE Control File System...
         Starting Apply Kernel Variables...
         Starting Load/Save Random Seed...
         Starting udev Coldplug all Devices...
         Starting Create Static Device Nodes in /dev...
         Starting Flush Journal to Persistent Storage...
[[0;32m  OK  [0m] Mounted FUSE Control File System.
[[0;32m  OK  [0m] Started Apply Kernel Variables.
[[0;32m  OK  [0m] Started Load/Save Random Seed.
[[0;32m  OK  [0m] Started Create Static Device Nodes in /dev.
[[0;32m  OK  [0m] Started udev Coldplug all Devices.
[[0;32m  OK  [0m] Started Flush Journal to Persistent Storage.
         Starting udev Kernel Device Manager...
[[0;32m  OK  [0m] Started udev Kernel Device Manager.
[[0;32m  OK  [0m] Started Dispatch Password Requests to Console Directory Watch.
[[0;32m  OK  [0m] Started Monitoring of LVM2 mirrors,...ng dmeventd or progress polling.
[[0;32m  OK  [0m] Reached target Local File Systems (Pre).
[[0;32m  OK  [0m] Reached target Local File Systems.
         Starting Initial cloud-init job (pre-networking)...
         Starting Run snappy firstboot setup...
         Starting Create Volatile Files and Directories...
         Starting LSB: AppArmor initialization...
         Starting Tell Plymouth To Write Out Runtime Data...
         Starting Set console font and keymap...
[   41.811937] cloud-init[1478]: Cloud-init v. 0.7.7 running 'init-local' at Sun, 11 Sep 2016 03:35:59 +0000. Up 41.48 seconds.
[[0;32m  OK  [0m] Started Run snappy firstboot setup.
[[0;32m  OK  [0m] Started Create Volatile Files and Directories.
[[0;32m  OK  [0m] Started Tell Plymouth To Write Out Runtime Data.
[[0;32m  OK  [0m] Started Initial cloud-init job (pre-networking).
[[0;32m  OK  [0m] Found device /dev/ttyS0.
[[0;32m  OK  [0m] Started Set console font and keymap.
[[0;32m  OK  [0m] Started LSB: AppArmor initialization.
[[0;32m  OK  [0m] Listening on Load/Save RF Kill Switch Status /dev/rfkill Watch.
[[0;32m  OK  [0m] Created slice system-getty.slice.
         Starting Update UTMP about System Boot/Shutdown...
[[0;32m  OK  [0m] Reached target System Time Synchronized.
[[0;32m  OK  [0m] Reached target Network (Pre).
[[0;32m  OK  [0m] Started ifup for enp0s3.
         Starting Raise network interfaces...
[[0;32m  OK  [0m] Started Update UTMP about System Boot/Shutdown.
[[0;32m  OK  [0m] Reached target System Initialization.
[[0;32m  OK  [0m] Listening on ACPID Listen Socket.
[[0;32m  OK  [0m] Listening on D-Bus System Message Bus Socket.
[[0;32m  OK  [0m] Started Daily apt activities.
[[0;32m  OK  [0m] Started Timer to automatically refresh installed snaps.
[[0;32m  OK  [0m] Listening on UUID daemon activation socket.
         Starting LXD - unix socket.
         Starting Socket activation for snappy daemon.
[[0;32m  OK  [0m] Started Daily Cleanup of Temporary Directories.
[[0;32m  OK  [0m] Reached target Timers.
[[0;32m  OK  [0m] Started ACPI Events Check.
[[0;32m  OK  [0m] Reached target Paths.
[[0;32m  OK  [0m] Listening on LXD - unix socket.
[[0;32m  OK  [0m] Listening on Socket activation for snappy daemon.
[[0;32m  OK  [0m] Reached target Sockets.
[[0;32m  OK  [0m] Reached target Basic System.
[[0;32m  OK  [0m] Started Deferred execution scheduler.
         Starting LSB: Record successful boot for GRUB...
         Starting Login Service...
[[0;32m  OK  [0m] Started Snappy daemon.
         Starting LSB: MD monitoring daemon...
[[0;32m  OK  [0m] Started D-Bus System Message Bus.
         Starting Accounts Service...
[[0;32m  OK  [0m] Started Regular background program processing daemon.
         Starting System Logging Service...
[[0;32m  OK  [0m] Started FUSE filesystem for LXC.
[[0;32m  OK  [0m] Started ACPI event daemon.
         Starting LXD - container startup/shutdown...
[[0;32m  OK  [0m] Started System Logging Service.
[[0;32m  OK  [0m] Started LSB: Record successful boot for GRUB.
[[0;32m  OK  [0m] Started LSB: MD monitoring daemon.
[[0;32m  OK  [0m] Started LXD - container startup/shutdown.
[[0;32m  OK  [0m] Started Login Service.
         Starting Authenticate and Authorize Users to Run Privileged Tasks...
[[0;32m  OK  [0m] Started Authenticate and Authorize Users to Run Privileged Tasks.
[[0;32m  OK  [0m] Started Accounts Service.
[[0;32m  OK  [0m] Started Raise network interfaces.
[[0;32m  OK  [0m] Reached target Network.
         Starting Initial cloud-init job (metadata service crawler)...
[   45.053946] cloud-init[2115]: Cloud-init v. 0.7.7 running 'init' at Sun, 11 Sep 2016 03:36:02 +0000. Up 44.86 seconds.
[   45.185723] [cloud-init[0;32m  OK  [0m[2115]: ] ci-info: ++++++++++++++++++++++++++++++++++++++Net device info++++++++++++++++++++++++++++++++++++++Started Initial cloud-init job (metadata service crawler).

[   45.186338] cloud-init[2115]: ci-info: +--------+-------+----------------------------+---------------+-------+-------------------+
[   45.468624] [cloud-init[0;32m  OK  [0m[2115]: ] ci-info: | Device |   Up  |          Address           |      Mask     | Scope |     Hw-Address    |Reached target Network is Online.

[   45.469168] cloud-init[2115]: ci-info: +--------+-------+----------------------------+---------------+-------+-------------------+
[   45.696893]          cloud-initStarting /etc/rc.local Compatibility...[2115]: 
ci-info: | enp0s3 |  True |         10.0.2.15          | 255.255.255.0 |   .   | 02:76:61:22:8c:2b |
[   45.745104]          cloud-initStarting Pollinate to seed the pseudo random number generator...[2115]: 
ci-info: | enp0s3 |  True | fe80::76:61ff:fe22:8c2b/64 |       .       |  link | 02:76:61:22:8c:2b |
[   45.792678]          cloud-initStarting iSCSI initiator daemon (iscsid)...[2115]: 
ci-info: |   lo   |  True |         127.0.0.1          |   255.0.0.0   |   .   |         .         |
[   45.916488] [cloud-init[0;32m  OK  [0m[2115]: ] ci-info: |   lo   |  True |          ::1/128           |       .       |  host |         .         |Reached target Cloud-config availability.

[   45.916901] cloud-init[2115]: ci-info: | enp0s8 | False |             .              |       .       |   .   | 08:00:27:6b:c8:db |
[   46.148552]          cloud-initStarting Apply the settings specified in cloud-config...[2115]: 
ci-info: +--------+-------+----------------------------+---------------+-------+-------------------+
[   46.276573] [cloud-init[0;32m  OK  [0m[2115]: ] ci-info: +++++++++++++++++++++++++++Route IPv4 info++++++++++++++++++++++++++++Started /etc/rc.local Compatibility.

[   46.277042] cloud-init[2115]: ci-info: +-------+-------------+----------+---------------+-----------+-------+
[   46.437560] cloud-init[2115]: ci-info: | Route | Destination | Gateway  |    Genmask    | Interface | Flags |
[   46.439602] cloud-init[2115]: ci-info: +-------+-------------+----------+---------------+-----------+-------+
[   46.441796] cloud-init[2115]: ci-info: |   0   |   0.0.0.0   | 10.0.2.2 |    0.0.0.0    |   enp0s3  |   UG  |
[   46.508359] [cloud-init[0;32m  OK  [0m[2115]: ] ci-info: |   1   |   10.0.2.0  | 0.0.0.0  | 255.255.255.0 |   enp0s3  |   U   |Started iSCSI initiator daemon (iscsid).

[   46.508770] cloud-init[2115]: ci-info: +-------+-------------+----------+---------------+-----------+-------+
[[0;32m  OK  [0m] Started Apply the settings specified in cloud-config.
[   46.718463] cloud-init[2189]: Cloud-init v. 0.7.7 running 'modules:config' at Sun, 11 Sep 2016 03:36:04 +0000. Up 46.36 seconds.
         Starting Login to default iSCSI targets...
         Starting Execute cloud user/final scripts...
[[0;32m  OK  [0m] Started Login to default iSCSI targets.
[[0;32m  OK  [0m] Reached target Remote File Systems (Pre).
[[0;32m  OK  [0m] Reached target Remote File Systems.
         Starting Permit User Sessions...
[   47.227491] cloud-init[2214]: Cloud-init v. 0.7.7 running 'modules:final' at Sun, 11 Sep 2016 03:36:05 +0000. Up 47.14 seconds.
[   47.328342]          cloud-initStarting LSB: daemon to balance interrupts for SMP systems...[2214]: 
Cloud-init v. 0.7.7 finished at Sun, 11 Sep 2016 03:36:05 +0000. Datasource DataSourceNoCloud [seed=/dev/sdb][dsmode=net].  Up 47.20 seconds
         Starting LSB: Set the CPU Frequency Scaling governor to "ondemand"...
         Starting LSB: automatic crash report generation...
         Starting LSB: VirtualBox Linux Additions...
[[0;32m  OK  [0m] Started Execute cloud user/final scripts.
[[0;32m  OK  [0m] Started Pollinate to seed the pseudo random number generator.
[[0;32m  OK  [0m] Started Permit User Sessions.
[[0;32m  OK  [0m] Started LSB: Set the CPU Frequency Scaling governor to "ondemand".
[[0;32m  OK  [0m] Started LSB: daemon to balance interrupts for SMP systems.
         Starting Terminate Plymouth Boot Screen...
         Starting Hold until boot process finishes up...
         Starting OpenBSD Secure Shell server...
[[0;32m  OK  [0m] Reached target Cloud-init target.
[[0;32m  OK  [0m] Started OpenBSD Secure Shell server.
[[0;32m  OK  [0m] Started LSB: automatic crash report generation.
[[0;32m  OK  [0m] Started LSB: VirtualBox Linux Additions.
[[0;32m  OK  [0m] Started Terminate Plymouth Boot Screen.
[[0;32m  OK  [0m] Started Hold until boot process finishes up.
[[0;32m  OK  [0m] Started Getty on tty1.
[[0;32m  OK  [0m] Started Serial Getty on ttyS0.
[[0;32m  OK  [0m] Reached target Login Prompts.
         Starting Set console scheme...
[[0;32m  OK  [0m] Reached target Multi-User System.
         Starting Notify bootloader that boot was successful...
[[0;32m  OK  [0m] Reached target Graphical Interface.
         Starting Update UTMP about System Runlevel Changes...
[[0;32m  OK  [0m] Started Set console scheme.
[[0;32m  OK  [0m] Started Notify bootloader that boot was successful.
[[0;32m  OK  [0m] Started Update UTMP about System Runlevel Changes.

Ubuntu 16.04.1 LTS ubuntu-xenial ttyS0

ubuntu-xenial login: 